Arguments: 
  /home/ahmed/.nvm/versions/node/v20.0.0/bin/node /usr/local/bin/yarn add @aptos/ts-sdk

PATH: 
  /home/ahmed/.nvm/versions/node/v20.0.0/bin:/home/ahmed/.cargo/bin:/home/ahmed/.local/bin:/home/ahmed/bin:/usr/local/go/bin:/usr/local/sbin:/usr/local/bin:/usr/sbin:/usr/bin:/sbin:/bin:/usr/games:/usr/local/games:/snap/bin:/home/ahmed/go/bin:/home/ahmed/.foundry/bin:/home/ahmed/.foundry/bin

Yarn version: 
  1.22.17

Node version: 
  20.0.0

Platform: 
  linux x64

Trace: 
  Error: https://registry.yarnpkg.com/@aptos%2fts-sdk: Not found
      at params.callback [as _callback] (/usr/local/lib/node_modules/yarn/lib/cli.js:67029:18)
      at self.callback (/usr/local/lib/node_modules/yarn/lib/cli.js:140883:22)
      at Request.emit (node:events:511:28)
      at Request.<anonymous> (/usr/local/lib/node_modules/yarn/lib/cli.js:141855:10)
      at Request.emit (node:events:511:28)
      at IncomingMessage.<anonymous> (/usr/local/lib/node_modules/yarn/lib/cli.js:141777:12)
      at Object.onceWrapper (node:events:625:28)
      at IncomingMessage.emit (node:events:523:35)
      at endReadableNT (node:internal/streams/readable:1367:12)
      at process.processTicksAndRejections (node:internal/process/task_queues:82:21)

npm manifest: 
  {
    "name": "lava-test",
    "version": "1.0.0",
    "main": "index.js",
    "repository": "https://github.com/DALHOUM-Ahmed/lava-test",
    "author": "DALHOUM-Ahmed <dalhoum.co@gmail.com>",
    "license": "MIT",
    "devDependencies": {
      "typescript": "^5.2.2"
    }
  }

yarn manifest: 
  No manifest

Lockfile: 
  # THIS IS AN AUTOGENERATED FILE. DO NOT EDIT THIS FILE DIRECTLY.
  # yarn lockfile v1
  
  
  typescript@^5.2.2:
    version "5.2.2"
    resolved "https://registry.yarnpkg.com/typescript/-/typescript-5.2.2.tgz#5ebb5e5a5b75f085f22bc3f8460fba308310fa78"
    integrity sha512-mI4WrpHsbCIcwT9cF4FZvr80QUeKvsUsUvKDoR+X/7XHQH98xYD8YHZg7ANtz2GtZt/CBq2QJ0thkGJMHfqc1w==
